PID 87638 received SIGSEGV for address: 0x1
0   segfault-handler.node               0x0000000109ea1268 _ZL16segfault_handleriP9__siginfoPv + 296
1   libsystem_platform.dylib            0x000000018b949a24 _sigtramp + 56
2   segfault-handler.node               0x0000000109ea0ab8 _Z22segfault_stack_frame_1v + 44
3   segfault-handler.node               0x0000000109ea0af0 _Z22segfault_stack_frame_2v + 32
4   segfault-handler.node               0x0000000109ea0b20 _Z13CauseSegfaultRKN3Nan20FunctionCallbackInfoIN2v85ValueEEE + 36
5   segfault-handler.node               0x0000000109ea339c _ZN3Nan3impL23FunctionCallbackWrapperERKN2v820FunctionCallbackInfoINS1_5ValueEEE + 1060
6   node                                0x0000000104dd7a1c _ZN2v88internal25FunctionCallbackArguments4CallENS0_15CallHandlerInfoE + 220
7   node                                0x0000000104dd7518 _ZN2v88internal12_GLOBAL__N_119HandleApiCallHelperILb0EEENS0_11MaybeHandleINS0_6ObjectEEEPNS0_7IsolateENS0_6HandleINS0_10HeapObjectEEESA_NS8_INS0_20FunctionTemplateInfoEEENS8_IS4_EENS0_16BuiltinArgumentsE + 464
8   node                                0x0000000104dd6d44 _ZN2v88internal21Builtin_HandleApiCallEiPmPNS0_7IsolateE + 228
9   node                                0x00000001055c518c Builtins_CEntry_Return1_DontSaveFPRegs_ArgvOnStack_BuiltinExit + 108
10  node                                0x0000000105550198 Builtins_InterpreterEntryTrampoline + 248
11  node                                0x0000000105581ef4 Builtins_AsyncFunctionAwaitResolveClosure + 84
12  node                                0x0000000105610738 Builtins_PromiseFulfillReactionJob + 56
13  node                                0x0000000105573c4c Builtins_RunMicrotasks + 588
14  node                                0x000000010554e3a4 Builtins_JSRunMicrotasksEntry + 164
15  node                                0x0000000104e9382c _ZN2v88internal12_GLOBAL__N_16InvokeEPNS0_7IsolateERKNS1_12InvokeParamsE + 2692
16  node                                0x0000000104e93d1c _ZN2v88internal12_GLOBAL__N_118InvokeWithTryCatchEPNS0_7IsolateERKNS1_12InvokeParamsE + 88
17  node                                0x0000000104e93ef8 _ZN2v88internal9Execution16TryRunMicrotasksEPNS0_7IsolateEPNS0_14MicrotaskQueueEPNS0_11MaybeHandleINS0_6ObjectEEE + 64
18  node                                0x0000000104eba644 _ZN2v88internal14MicrotaskQueue13RunMicrotasksEPNS0_7IsolateE + 336
19  node                                0x0000000104ebaedc _ZN2v88internal14MicrotaskQueue17PerformCheckpointEPNS_7IsolateE + 124
20  node                                0x0000000104dd7a1c _ZN2v88internal25FunctionCallbackArguments4CallENS0_15CallHandlerInfoE + 220
21  node                                0x0000000104dd7518 _ZN2v88internal12_GLOBAL__N_119HandleApiCallHelperILb0EEENS0_11MaybeHandleINS0_6ObjectEEEPNS0_7IsolateENS0_6HandleINS0_10HeapObjectEEESA_NS8_INS0_20FunctionTemplateInfoEEENS8_IS4_EENS0_16BuiltinArgumentsE + 464
22  node                                0x0000000104dd6d44 _ZN2v88internal21Builtin_HandleApiCallEiPmPNS0_7IsolateE + 228
23  node                                0x00000001055c518c Builtins_CEntry_Return1_DontSaveFPRegs_ArgvOnStack_BuiltinExit + 108
24  ???                                 0x000000010a5d2268 0x0 + 4468843112
25  node                                0x000000010554e4d0 Builtins_JSEntryTrampoline + 176
26  node                                0x000000010554e164 Builtins_JSEntry + 164
27  node                                0x0000000104e9385c _ZN2v88internal12_GLOBAL__N_16InvokeEPNS0_7IsolateERKNS1_12InvokeParamsE + 2740
28  node                                0x0000000104e92d90 _ZN2v88internal9Execution4CallEPNS0_7IsolateENS0_6HandleINS0_6ObjectEEES6_iPS6_ + 200
29  node                                0x0000000104d83124 _ZN2v88Function4CallENS_5LocalINS_7ContextEEENS1_INS_5ValueEEEiPS5_ + 540
30  node                                0x0000000104b60d0c _ZN4node21InternalCallbackScope5CloseEv + 428
31  node                                0x0000000104b60fd8 _ZN4node20InternalMakeCallbackEPNS_11EnvironmentEN2v85LocalINS2_6ObjectEEES5_NS3_INS2_8FunctionEEEiPNS3_INS2_5ValueEEENS_13async_contextE + 556
